t2Test.obj : error LNK2019: unresolved external symbol fibX64 referenced in function wmain
t2Test.obj : error LNK2019: unresolved external symbol min referenced in function wmain
t2Test.obj : error LNK2019: unresolved external symbol p referenced in function wmain
t2Test.obj : error LNK2019: unresolved external symbol gcd referenced in function wmain
t2Test.obj : error LNK2019: unresolved external symbol q referenced in function wmain
t2Test.obj : error LNK2001: unresolved external symbol g
C:\Users\User\Documents\GitHub\CompArch2\t2Test\x64\Debug\t2Test.exe : fatal error LNK1120: 6 unresolved externals
